[fr.y8.com/games/plume_and_the_forgotten_letter.html]
[backblue.gif]
[fade.gif]
[index.html]
[img-hws.y8.com/mobile_launch_icons/y8-192.png]
[img-hws.y8.com/assets/ads_block-bdb05adcd9e98c0e0b45359346e83554ef184373947e18de19e5e06b2fad4980.js]
[securepubads.g.doubleclick.net/tag/js/gpt.js]
[img-hws.y8.com/assets/ads/gam_prebid-0d27de4cf6e44f80ebf9b8a11646c1d6762395d54ba17af39a52ae318abaa8e8.js]
[img-hws.y8.com/packs/css/y8/application-4350128e.css]
[img-hws.y8.com/packs/js/y8/application-9b04b8190c31cb467b23.js]
[img-hws.y8.com/assets/y8.com/latin-c0ca1e6f54c76dcec62ecdcc23df3507f959f4232fd2ad43fdc84cf68386c14a.css]
[img-hws.y8.com/assets/y8-28815cc6b0a65f6746cdbad4ea1a75c9a61f683204e04da1f72a2cabd8635533.js]
[img-hws.y8.com/packs/js/controllers/items/show-8eb29b67e138fe883b16.js]
[fr.y8.com/games/plume_and_the_forgotten_letter.js]
[s7.addthis.com/js/300/addthis_widget.js]
[cdn.y8.com/profile_pictures/61be5d5f1f76dd9109e40c48-large.jpg]
[img-hws.y8.com/assets/y8/instagram-dc22557a2b9c2b70f1e1fc4295ff614d2573ef5f178793bc6926f20624ba374b.png]
[img-hws.y8.com/assets/y8/default_avatar-91f09b24bfab1b9162a1bc1f31a475a1b55461b0a3cae889628f407a8fe0b77f.jpg]
[img-hws.y8.com/cloud/v2-y8-thumbs-small-thumbnails-001/141753/small.gif]
[imasdk.googleapis.com/js/sdkloader/outstream.js]
[img-hws.y8.com/assets/spinner-5f5b271a335601ed1f03c9ea4af9e708517e8fa4977229307ca47e02b5ab84a3.gif]
[img-hws.y8.com/assets/avatar-small-23a2c01fdf14d24f56a155bd184db08ac21046d69d958c488e1e3c8d00fadc32.png]
[img-hws.y8.com/assets/avatars/male/1-48x48-e7b70373a1323b243c41013c1b94a59a49290351d82a1e9207eba857efefe616.png]
[img-hws.y8.com/assets/avatars/female/1-48x48-aaa73d820506008cab449f73d37a320da93efae96b1b7665a7b7636468e092f8.png]
[img-hws.y8.com/assets/avatars/animal/1-48x48-622b924cc64931ca1d8aab5a9223ce875a730ed702b8088a18e97e0a2c138383.png]
[img-hws.y8.com/assets/avatars/monster-1/1-48x48-ed9ecc89b2d72f0ecc0b091b761697ede3495954616e8a2f7a57de18deea676a.png]
[img-hws.y8.com/assets/avatars/monster-2/1-48x48-fa05d737df7e9a1e4555d3dedfcd66b0db0aadb6c0509c34f892f82a2f60fa92.png]
[img-hws.y8.com/assets/avatars/male/2-48x48-1e80111d0078dc16a2b986987102bcdb8cad32d4b471b8017440c7be039cc0f9.png]
[img-hws.y8.com/assets/avatars/female/2-48x48-959378509839044ddd275b79c77b746619588036df7efbc2046d9b470d0f4a5a.png]
[img-hws.y8.com/assets/avatars/animal/2-48x48-6e308a0d142e34ae2ff77650cb7a2a7cdfb9518211760f7cd7ba9aa21783032e.png]
[img-hws.y8.com/assets/avatars/monster-1/2-48x48-2fa006dbaf446b6150a68865717cc5b2130d43eb1d0346397abc7863ab8526d9.png]
[img-hws.y8.com/assets/avatars/monster-2/2-48x48-ae5fab6ee72bb9cdcafe29001697ba3695f797c77be0f31280f2125a6a2f88c6.png]
[img-hws.y8.com/assets/avatars/male/3-48x48-1b30406c5ebec88e7ad6058ef8dd04cc6e3acabde8c2a8dfeee9b48adf129fcd.png]
[img-hws.y8.com/assets/avatars/female/3-48x48-0c47e7153236014af3fc6e473696c6c7498dddd1ba58909fa68f6a20cc004605.png]
[img-hws.y8.com/assets/avatars/animal/3-48x48-d7cae88e7c38229c3907f1ac2c270189d138b602cf99b8d8389bfd5f36fe1782.png]
[img-hws.y8.com/assets/avatars/monster-1/3-48x48-20ab08a696a349055a672bf71c505d9a4d152ae2374e003440a539f37c49c1e2.png]
[img-hws.y8.com/assets/avatars/monster-2/3-48x48-47fa71755d9dbf84fc3bd87668ad08b01c447c3dbdfcfd0fc3b5f53818b3ad34.png]
[img-hws.y8.com/assets/avatars/male/4-48x48-510be51b7734cba4e0cd73a3ada8630a54d647abe682e33aeaa772d6c1aecdb5.png]
[img-hws.y8.com/assets/avatars/female/4-48x48-a1e22efac69cf37d95ea49be399a494bcac70ca39a220de71cf9f280729ad707.png]
[img-hws.y8.com/assets/avatars/animal/4-48x48-63891093f643f570746723f6ab06d6ee95f26ae69a73219ec8bee54ff2519ae6.png]
[img-hws.y8.com/assets/avatars/monster-1/4-48x48-f4ce135d1a3b9a7be3b246e4d450a4e2ab0d6c5c9e221274c72ad8233cdbc182.png]
[img-hws.y8.com/assets/avatars/monster-2/4-48x48-06a372053e49bedde536a41ea2be5f3f81282af5013d78462eedf690dfddc7a4.png]
[img-hws.y8.com/assets/avatars/male/5-48x48-6f6ddaeb6c6abaf5492e680f913f5ca6504f20f9439e0eeebf7ae8976b49f619.png]
[img-hws.y8.com/assets/avatars/female/5-48x48-106d6ae7d7783c2b2d655239582fddc8c980e09cd0c6de30c4a3fcbe837a13b5.png]
[img-hws.y8.com/assets/avatars/animal/5-48x48-bc34732341f45ef0e9b1ebe79070cb9f9a39b1b7e19a3a959f234237919cb4a7.png]
[img-hws.y8.com/assets/avatars/monster-1/5-48x48-e0f52e4b835b3c9d74da2dda9e06cc0367060713afdff83e5c443f5edf123e14.png]
[img-hws.y8.com/assets/avatars/monster-2/5-48x48-08c30a9b5cda0e581373c5d769a1550285f19a6d895aab8dd427d275ee7e0c81.png]
[img-hws.y8.com/assets/avatars/male/6-48x48-7f26e2f44f4839c4d57ae5bc3e29285b2261ce623c9e24d8b268cd117e045989.png]
[img-hws.y8.com/assets/avatars/female/6-48x48-d0948ad1526c19010809b148f703f8c5f6c9854a51def8de64c9c34908a916c9.png]
[img-hws.y8.com/assets/avatars/animal/6-48x48-c205a1467ee9ab301ae412eb6bbe7ded4a0fa79b9ee61d710b47f6f80fb3384f.png]
[img-hws.y8.com/assets/avatars/monster-1/6-48x48-126564846dc03eb0420ff930e165d389b3ea080327bd0b78c808ae52e0865383.png]
[img-hws.y8.com/assets/avatars/monster-2/6-48x48-74aec5b1f9d5b41f49cac9e771c6ea2d987531d5231e59a0a478271044589ffc.png]
[img-hws.y8.com/assets/avatars/male/7-48x48-2ffe528035b2cf4c85720b264f8ff8a54e2d945ce2fb03f961d966b86a7c33c2.png]
[img-hws.y8.com/assets/avatars/female/7-48x48-d0c5d4a66a541cea0718b5492cebdbff688ce52e42457a86de62b03921ed6d2e.png]
[img-hws.y8.com/assets/avatars/animal/7-48x48-dc7bb71cca4932302af21f80461a0b97fd4ccb8d58966bd9fbe4ca87aa248648.png]
[img-hws.y8.com/assets/avatars/monster-1/7-48x48-6ea82898442156a4266e2d27bda6cd52120738e75e594ac829207624c4dbbb53.png]
[fr.y8.com/games/plume_and_the_forgotten_letter.html]
[img-hws.y8.com/packs/css/y8/application-4350128e.css]
[img-hws.y8.com/assets/y8.com/latin-c0ca1e6f54c76dcec62ecdcc23df3507f959f4232fd2ad43fdc84cf68386c14a.css]
[img-hws.y8.com/assets/avatars/monster-1/7-48x48-6ea82898442156a4266e2d27bda6cd52120738e75e594ac829207624c4dbbb53.html]
